[debug] [2025-05-23T19:08:14.601Z] ----------------------------------------------------------------------
[debug] [2025-05-23T19:08:14.606Z] Command:       /nix/store/rbdrkcs5kkwpalxcd7c6bnm33lk2955n-nodejs-20.19.0/bin/node /home/user/.global_modules/bin/firebase init hosting
[debug] [2025-05-23T19:08:14.606Z] CLI Version:   14.3.0
[debug] [2025-05-23T19:08:14.607Z] Platform:      linux
[debug] [2025-05-23T19:08:14.607Z] Node Version:  v20.19.0
[debug] [2025-05-23T19:08:14.607Z] Time:          Fri May 23 2025 19:08:14 GMT+0000 (Coordinated Universal Time)
[debug] [2025-05-23T19:08:14.608Z] ----------------------------------------------------------------------
[debug] 
[debug] [2025-05-23T19:08:14.612Z] >>> [apiv2][query] GET https://firebase-public.firebaseio.com/cli.json [none]
[debug] [2025-05-23T19:08:15.389Z] > command requires scopes: ["email","openid","https://www.googleapis.com/auth/cloudplatformprojects.readonly","https://www.googleapis.com/auth/firebase","https://www.googleapis.com/auth/cloud-platform"]
[debug] [2025-05-23T19:08:15.390Z] > authorizing via signed-in user (cornikase@gmail.com)
[info] 
     ######## #### ########  ######## ########     ###     ######  ########
     ##        ##  ##     ## ##       ##     ##  ##   ##  ##       ##
     ######    ##  ########  ######   ########  #########  ######  ######
     ##        ##  ##    ##  ##       ##     ## ##     ##       ## ##
     ##       #### ##     ## ######## ########  ##     ##  ######  ########

You're about to initialize a Firebase project in this directory:

  /home/user/studio

Before we get started, keep in mind:

  * You are initializing within an existing Firebase project directory

[info] 
=== Project Setup
[info] 
[info] First, let's associate this project directory with a Firebase project.
[info] You can create multiple project aliases by running firebase use --add, 
[info] but for now we'll just set up a default project.
[info] 
[debug] [2025-05-23T19:08:15.398Z] Using project from CLI flag: testbalke
[debug] [2025-05-23T19:08:15.399Z] Checked if tokens are valid: false, expires at: 1746745811154
[debug] [2025-05-23T19:08:15.400Z] Checked if tokens are valid: false, expires at: 1746745811154
[debug] [2025-05-23T19:08:15.400Z] > refreshing access token with scopes: []
[debug] [2025-05-23T19:08:15.403Z] >>> [apiv2][query] POST https://www.googleapis.com/oauth2/v3/token [none]
[debug] [2025-05-23T19:08:15.403Z] >>> [apiv2][body] POST https://www.googleapis.com/oauth2/v3/token [omitted]
[debug] [2025-05-23T19:08:15.516Z] <<< [apiv2][status] POST https://www.googleapis.com/oauth2/v3/token 200
[debug] [2025-05-23T19:08:15.517Z] <<< [apiv2][body] POST https://www.googleapis.com/oauth2/v3/token [omitted]
[debug] [2025-05-23T19:08:15.536Z] >>> [apiv2][query] GET https://firebase.googleapis.com/v1beta1/projects/testbalke [none]
[debug] [2025-05-23T19:08:15.676Z] <<< [apiv2][status] GET https://firebase-public.firebaseio.com/cli.json 200
[debug] [2025-05-23T19:08:15.676Z] <<< [apiv2][body] GET https://firebase-public.firebaseio.com/cli.json {"cloudBuildErrorAfter":1594252800000,"cloudBuildWarnAfter":1590019200000,"defaultNode10After":1594252800000,"minVersion":"3.0.5","node8DeploysDisabledAfter":1613390400000,"node8RuntimeDisabledAfter":1615809600000,"node8WarnAfter":1600128000000}
[debug] [2025-05-23T19:08:15.827Z] <<< [apiv2][status] GET https://firebase.googleapis.com/v1beta1/projects/testbalke 200
[debug] [2025-05-23T19:08:15.827Z] <<< [apiv2][body] GET https://firebase.googleapis.com/v1beta1/projects/testbalke {"projectId":"testbalke","projectNumber":"772567436722","displayName":"Testbalke","name":"projects/testbalke","resources":{"hostingSite":"testbalke"},"state":"ACTIVE","etag":"1_3875562b-ffb7-494e-9217-2267d14da2b4"}
[info] i  Using project testbalke (Testbalke) 
[info] 
=== Hosting Setup
[debug] [2025-05-23T19:08:15.844Z] Checked if tokens are valid: true, expires at: 1748030894517
[debug] [2025-05-23T19:08:15.844Z] Checked if tokens are valid: true, expires at: 1748030894517
[debug] [2025-05-23T19:08:15.845Z] >>> [apiv2][query] GET https://firebase.googleapis.com/v1beta1/projects/testbalke [none]
[debug] [2025-05-23T19:08:16.063Z] <<< [apiv2][status] GET https://firebase.googleapis.com/v1beta1/projects/testbalke 200
[debug] [2025-05-23T19:08:16.064Z] <<< [apiv2][body] GET https://firebase.googleapis.com/v1beta1/projects/testbalke {"projectId":"testbalke","projectNumber":"772567436722","displayName":"Testbalke","name":"projects/testbalke","resources":{"hostingSite":"testbalke"},"state":"ACTIVE","etag":"1_3875562b-ffb7-494e-9217-2267d14da2b4"}
